[2026-05-05T11:13:41Z] [INFO] 🧠 هسته NatiqAI-Core v3.0.0 شروع به کار کرد
[2026-05-05T11:13:41Z] [INFO] 📊 PID: 13052 | سیستم: Linux | هسته: 8
[2026-05-05T11:13:41Z] [INFO] 🔄 حلقه اصلی شروع شد
[2026-05-05T11:13:42Z] [LEARN] شروع چرخه یادگیری...
[2026-05-05T11:13:42Z] [LEARN] ➕ آموخته شد: Deploy from a branch
[2026-05-05T11:13:42Z] [LEARN] ✅ چرخه یادگیری: 0 عبارت جدید کشف شد
[2026-05-05T11:13:44Z] [INFO] 🧠 هسته NatiqAI-Core v3.0.0 شروع به کار کرد
[2026-05-05T11:13:44Z] [INFO] 📊 PID: 13187 | سیستم: Linux | هسته: 8
[2026-05-05T11:13:45Z] [INFO] 🔄 حلقه اصلی شروع شد
[2026-05-05T11:17:49Z] [INFO] 🔍 اسکن فرصت‌های جدید...
[2026-05-05T11:17:50Z] [INFO] 📁 252 فایل برای یادگیری موجود است
[2026-05-05T11:17:53Z] [INFO] 🔍 اسکن فرصت‌های جدید...
[2026-05-05T11:17:53Z] [INFO] 📁 252 فایل برای یادگیری موجود است
[2026-05-05T11:22:00Z] [INFO] 🔍 اسکن فرصت‌های جدید...
[2026-05-05T11:22:00Z] [INFO] 📁 252 فایل برای یادگیری موجود است
[2026-05-05T11:22:04Z] [INFO] 🔍 اسکن فرصت‌های جدید...
[2026-05-05T11:22:04Z] [INFO] 📁 252 فایل برای یادگیری موجود است
[2026-05-05T11:26:08Z] [INFO] 🔍 اسکن فرصت‌های جدید...
[2026-05-05T11:26:09Z] [INFO] 📁 252 فایل برای یادگیری موجود است
[2026-05-05T11:26:13Z] [INFO] 🔍 اسکن فرصت‌های جدید...
[2026-05-05T11:26:13Z] [INFO] 📁 252 فایل برای یادگیری موجود است
[2026-05-05T11:30:18Z] [INFO] 🔍 اسکن فرصت‌های جدید...
[2026-05-05T11:30:19Z] [INFO] 📁 253 فایل برای یادگیری موجود است
[2026-05-05T11:30:23Z] [INFO] 🔍 اسکن فرصت‌های جدید...
[2026-05-05T11:30:23Z] [INFO] 📁 253 فایل برای یادگیری موجود است
